<?xml version="1.0" encoding="UTF-8"?>
<!-- Generated by org.testng.reporters.JUnitXMLReporter -->
<testsuite hostname="tive-laptop" name="Default test" tests="3" failures="0" timestamp="11 Dec 2014 15:08:16 GMT" time="10.814" errors="0">
  <testcase name="testUntitled3" time="3.181" classname="com.example.tests.ContactsCreationTests"/>
  <testcase name="testEmptyGroupCreation" time="1.207" classname="com.example.tests.GroupsCreationTests"/>
  <testcase name="testNoneEmptyGroupCreation" time="1.291" classname="com.example.tests.GroupsCreationTests"/>
</testsuite> <!-- Default test -->
