<?xml version="1.0" encoding="UTF-8"?>
<!-- Generated by org.testng.reporters.JUnitXMLReporter -->
<testsuite hostname="tive-laptop" name="Default test" tests="3" failures="0" timestamp="11 Dec 2014 15:28:16 GMT" time="11.963" errors="0">
  <testcase name="testContactCreation" time="3.084" classname="com.example.tests.ContactsCreationTests"/>
  <testcase name="testEmptyGroupCreation" time="1.18" classname="com.example.tests.GroupsCreationTests"/>
  <testcase name="testNoneEmptyGroupCreation" time="1.271" classname="com.example.tests.GroupsCreationTests"/>
</testsuite> <!-- Default test -->
