<?xml version="1.0" encoding="UTF-8"?>
<testng-results skipped="0" failed="0" total="2" passed="2">
  <reporter-output>
  </reporter-output>
  <suite name="Default suite" duration-ms="7798" started-at="2014-12-11T11:12:09Z" finished-at="2014-12-11T11:12:16Z">
    <groups>
    </groups>
    <test name="Default test" duration-ms="7798" started-at="2014-12-11T11:12:09Z" finished-at="2014-12-11T11:12:16Z">
      <class name="com.example.tests.EmptyGroupCreationTest">
        <test-method status="PASS" signature="testEmptyGroupCreation()[pri:0, instance:com.example.tests.EmptyGroupCreationTest@13b6d03]" name="testEmptyGroupCreation" duration-ms="1502" started-at="2014-12-11T17:12:13Z" finished-at="2014-12-11T17:12:15Z">
          <reporter-output>
          </reporter-output>
        </test-method> <!-- testEmptyGroupCreation -->
      </class> <!-- com.example.tests.EmptyGroupCreationTest -->
      <class name="com.example.tests.TestBase">
        <test-method status="PASS" signature="setUp()[pri:0, instance:com.example.tests.TestBase@5f150435]" name="setUp" is-config="true" duration-ms="4848" started-at="2014-12-11T17:12:09Z" finished-at="2014-12-11T17:12:13Z">
          <reporter-output>
          </reporter-output>
        </test-method> <!-- setUp -->
        <test-method status="PASS" signature="tearDown()[pri:0, instance:com.example.tests.TestBase@5f150435]" name="tearDown" is-config="true" duration-ms="190" started-at="2014-12-11T17:12:16Z" finished-at="2014-12-11T17:12:16Z">
          <reporter-output>
          </reporter-output>
        </test-method> <!-- tearDown -->
      </class> <!-- com.example.tests.TestBase -->
      <class name="com.example.tests.NoneEmptyGroupCreationTest">
        <test-method status="PASS" signature="testNoneEmptyGroupCreation()[pri:0, instance:com.example.tests.NoneEmptyGroupCreationTest@73035e27]" name="testNoneEmptyGroupCreation" duration-ms="1239" started-at="2014-12-11T17:12:15Z" finished-at="2014-12-11T17:12:16Z">
          <reporter-output>
          </reporter-output>
        </test-method> <!-- testNoneEmptyGroupCreation -->
      </class> <!-- com.example.tests.NoneEmptyGroupCreationTest -->
    </test> <!-- Default test -->
  </suite> <!-- Default suite -->
</testng-results>
