<?xml version="1.0" encoding="UTF-8"?>
<testng-results skipped="0" failed="0" total="3" passed="3">
  <reporter-output>
  </reporter-output>
  <suite name="Default suite" duration-ms="11963" started-at="2014-12-11T15:28:04Z" finished-at="2014-12-11T15:28:16Z">
    <groups>
    </groups>
    <test name="Default test" duration-ms="11963" started-at="2014-12-11T15:28:04Z" finished-at="2014-12-11T15:28:16Z">
      <class name="com.example.tests.ContactsCreationTests">
        <test-method status="PASS" signature="testContactCreation()[pri:0, instance:com.example.tests.ContactsCreationTests@f5f2bb7]" name="testContactCreation" duration-ms="3084" started-at="2014-12-11T21:28:11Z" finished-at="2014-12-11T21:28:14Z">
          <reporter-output>
          </reporter-output>
        </test-method> <!-- testContactCreation -->
      </class> <!-- com.example.tests.ContactsCreationTests -->
      <class name="com.example.tests.TestBase">
        <test-method status="PASS" signature="setUp()[pri:0, instance:com.example.tests.TestBase@1c53fd30]" name="setUp" is-config="true" duration-ms="6105" started-at="2014-12-11T21:28:04Z" finished-at="2014-12-11T21:28:11Z">
          <reporter-output>
          </reporter-output>
        </test-method> <!-- setUp -->
        <test-method status="PASS" signature="tearDown()[pri:0, instance:com.example.tests.TestBase@1c53fd30]" name="tearDown" is-config="true" duration-ms="303" started-at="2014-12-11T21:28:16Z" finished-at="2014-12-11T21:28:16Z">
          <reporter-output>
          </reporter-output>
        </test-method> <!-- tearDown -->
      </class> <!-- com.example.tests.TestBase -->
      <class name="com.example.tests.GroupsCreationTests">
        <test-method status="PASS" signature="testEmptyGroupCreation()[pri:0, instance:com.example.tests.GroupsCreationTests@64c64813]" name="testEmptyGroupCreation" duration-ms="1180" started-at="2014-12-11T21:28:14Z" finished-at="2014-12-11T21:28:15Z">
          <reporter-output>
          </reporter-output>
        </test-method> <!-- testEmptyGroupCreation -->
        <test-method status="PASS" signature="testNoneEmptyGroupCreation()[pri:0, instance:com.example.tests.GroupsCreationTests@64c64813]" name="testNoneEmptyGroupCreation" duration-ms="1271" started-at="2014-12-11T21:28:15Z" finished-at="2014-12-11T21:28:16Z">
          <reporter-output>
          </reporter-output>
        </test-method> <!-- testNoneEmptyGroupCreation -->
      </class> <!-- com.example.tests.GroupsCreationTests -->
    </test> <!-- Default test -->
  </suite> <!-- Default suite -->
</testng-results>
